{
"F:\\RnD\\js-unit-test-coverage\\app\\src\\calc.js":{"path":"F:\\RnD\\js-unit-test-coverage\\app\\src\\calc.js","s":{"1":1,"2":2,"3":0,"4":1},"b":{},"f":{"1":2,"2":0},"fnMap":{"1":{"name":"(anonymous_1)","line":4,"loc":{"start":{"line":4,"column":8},"end":{"line":4,"column":24}}},"2":{"name":"(anonymous_2)","line":8,"loc":{"start":{"line":8,"column":15},"end":{"line":8,"column":31}}}},"statementMap":{"1":{"start":{"line":2,"column":0},"end":{"line":11,"column":2}},"2":{"start":{"line":5,"column":4},"end":{"line":5,"column":17}},"3":{"start":{"line":9,"column":8},"end":{"line":9,"column":21}},"4":{"start":{"line":13,"column":0},"end":{"line":13,"column":20}}},"branchMap":{},"l":{"2":1,"5":2,"9":0,"13":1}}}
